<?xml version="1.0" encoding="UTF-8"?>
<!-- Generated by org.testng.reporters.JUnitReportReporter -->
<testsuite hostname="RAYAN" failures="0" tests="1" name="TestRunner.runnerClass" time="14.405" errors="0" timestamp="2023-09-15T19:47:12 EDT" skipped="0">
  <testcase classname="TestRunner.runnerClass" name="feature" time="14.405"/>
</testsuite> <!-- TestRunner.runnerClass -->
